Copyright 1986-2022 Xilinx, Inc. All Rights Reserved.
----------------------------------------------------------------------------------------
| Tool Version : Vivado v.2022.2 (win64) Build 3671981 Fri Oct 14 05:00:03 MDT 2022
| Date         : Tue Feb 28 10:15:51 2023
| Host         : LAPTOP-6G37NFKC running 64-bit major release  (build 9200)
| Command      : report_control_sets -verbose -file ControlUnit_control_sets_placed.rpt
| Design       : ControlUnit
| Device       : xc7z010i
----------------------------------------------------------------------------------------

Control Set Information

Table of Contents
-----------------
1. Summary
2. Histogram
3. Flip-Flop Distribution
4. Detailed Control Set Information

1. Summary
----------

+----------------------------------------------------------+-------+
|                          Status                          | Count |
+----------------------------------------------------------+-------+
| Total control sets                                       |     9 |
|    Minimum number of control sets                        |     9 |
|    Addition due to synthesis replication                 |     0 |
|    Addition due to physical synthesis replication        |     0 |
| Unused register locations in slices containing registers |    51 |
+----------------------------------------------------------+-------+
* Control sets can be merged at opt_design using control_set_merge or merge_equivalent_drivers
** Run report_qor_suggestions for automated merging and remapping suggestions


2. Histogram
------------

+--------------------+-------+
|       Fanout       | Count |
+--------------------+-------+
| Total control sets |     9 |
| >= 0 to < 4        |     0 |
| >= 4 to < 6        |     1 |
| >= 6 to < 8        |     0 |
| >= 8 to < 10       |     0 |
| >= 10 to < 12      |     8 |
| >= 12 to < 14      |     0 |
| >= 14 to < 16      |     0 |
| >= 16              |     0 |
+--------------------+-------+
* Control sets can be remapped at either synth_design or opt_design


3. Flip-Flop Distribution
-------------------------

+--------------+-----------------------+------------------------+-----------------+--------------+
| Clock Enable | Synchronous Set/Reset | Asynchronous Set/Reset | Total Registers | Total Slices |
+--------------+-----------------------+------------------------+-----------------+--------------+
| No           | No                    | No                     |               0 |            0 |
| No           | No                    | Yes                    |               0 |            0 |
| No           | Yes                   | No                     |               5 |            2 |
| Yes          | No                    | No                     |               0 |            0 |
| Yes          | No                    | Yes                    |               0 |            0 |
| Yes          | Yes                   | No                     |              80 |           33 |
+--------------+-----------------------+------------------------+-----------------+--------------+


4. Detailed Control Set Information
-----------------------------------

+----------------+--------------------------+------------------+------------------+----------------+--------------+
|  Clock Signal  |       Enable Signal      | Set/Reset Signal | Slice Load Count | Bel Load Count | Bels / Slice |
+----------------+--------------------------+------------------+------------------+----------------+--------------+
|  clk_IBUF_BUFG |                          | reset_IBUF       |                2 |              5 |         2.50 |
|  clk_IBUF_BUFG | register10bit/eng4       | reset_IBUF       |                2 |             10 |         5.00 |
|  clk_IBUF_BUFG | register10bit/eng3       | reset_IBUF       |                3 |             10 |         3.33 |
|  clk_IBUF_BUFG | register10bit/eni0       | reset_IBUF       |                5 |             10 |         2.00 |
|  clk_IBUF_BUFG | register10bit/eni1       | reset_IBUF       |                5 |             10 |         2.00 |
|  clk_IBUF_BUFG | register10bit/g0_i_1_n_0 | reset_IBUF       |                6 |             10 |         1.67 |
|  clk_IBUF_BUFG | register10bit/eng2       | reset_IBUF       |                4 |             10 |         2.50 |
|  clk_IBUF_BUFG | register10bit/g5_i_1_n_0 | reset_IBUF       |                4 |             10 |         2.50 |
|  clk_IBUF_BUFG | register10bit/eng1       | reset_IBUF       |                4 |             10 |         2.50 |
+----------------+--------------------------+------------------+------------------+----------------+--------------+


